Analysis & Synthesis report for floating_adder
Thu Nov 12 22:50:58 2020
Quartus Prime Version 20.1.0 Build 711 06/05/2020 SJ Lite Edition


---------------------
; Table of Contents ;
---------------------
  1. Legal Notice
  2. Analysis & Synthesis Summary
  3. Analysis & Synthesis Settings
  4. Parallel Compilation
  5. Analysis & Synthesis Source Files Read
  6. Analysis & Synthesis Resource Usage Summary
  7. Analysis & Synthesis Resource Utilization by Entity
  8. General Register Statistics
  9. Multiplexer Restructuring Statistics (Restructuring Performed)
 10. Port Connectivity Checks: "Adder11:Komponen_Adder11"
 11. Port Connectivity Checks: "ShiftR:Komponen_ShiftR"
 12. Post-Synthesis Netlist Statistics for Top Partition
 13. Elapsed Time Per Partition
 14. Analysis & Synthesis Messages



----------------
; Legal Notice ;
----------------
Copyright (C) 2020  Intel Corporation. All rights reserved.
Your use of Intel Corporation's design tools, logic functions 
and other software and tools, and any partner logic 
functions, and any output files from any of the foregoing 
(including device programming or simulation files), and any 
associated documentation or information are expressly subject 
to the terms and conditions of the Intel Program License 
Subscription Agreement, the Intel Quartus Prime License Agreement,
the Intel FPGA IP License Agreement, or other applicable license
agreement, including, without limitation, that your use is for
the sole purpose of programming logic devices manufactured by
Intel and sold by Intel or its authorized distributors.  Please
refer to the applicable agreement for further details, at
https://fpgasoftware.intel.com/eula.



+----------------------------------------------------------------------------------+
; Analysis & Synthesis Summary                                                     ;
+------------------------------------+---------------------------------------------+
; Analysis & Synthesis Status        ; Successful - Thu Nov 12 22:50:58 2020       ;
; Quartus Prime Version              ; 20.1.0 Build 711 06/05/2020 SJ Lite Edition ;
; Revision Name                      ; floating_adder                              ;
; Top-level Entity Name              ; FPadder                                     ;
; Family                             ; Cyclone IV E                                ;
; Total logic elements               ; 156                                         ;
;     Total combinational functions  ; 156                                         ;
;     Dedicated logic registers      ; 0                                           ;
; Total registers                    ; 0                                           ;
; Total pins                         ; 49                                          ;
; Total virtual pins                 ; 0                                           ;
; Total memory bits                  ; 0                                           ;
; Embedded Multiplier 9-bit elements ; 0                                           ;
; Total PLLs                         ; 0                                           ;
+------------------------------------+---------------------------------------------+


+------------------------------------------------------------------------------------------------------------+
; Analysis & Synthesis Settings                                                                              ;
+------------------------------------------------------------------+--------------------+--------------------+
; Option                                                           ; Setting            ; Default Value      ;
+------------------------------------------------------------------+--------------------+--------------------+
; Device                                                           ; EP4CE6E22C8        ;                    ;
; Top-level entity name                                            ; FPAdder            ; floating_adder     ;
; Family name                                                      ; Cyclone IV E       ; Cyclone V          ;
; Use smart compilation                                            ; Off                ; Off                ;
; Enable parallel Assembler and Timing Analyzer during compilation ; On                 ; On                 ;
; Enable compact report table                                      ; Off                ; Off                ;
; Restructure Multiplexers                                         ; Auto               ; Auto               ;
; Create Debugging Nodes for IP Cores                              ; Off                ; Off                ;
; Preserve fewer node names                                        ; On                 ; On                 ;
; Intel FPGA IP Evaluation Mode                                    ; Enable             ; Enable             ;
; Verilog Version                                                  ; Verilog_2001       ; Verilog_2001       ;
; VHDL Version                                                     ; VHDL_1993          ; VHDL_1993          ;
; State Machine Processing                                         ; Auto               ; Auto               ;
; Safe State Machine                                               ; Off                ; Off                ;
; Extract Verilog State Machines                                   ; On                 ; On                 ;
; Extract VHDL State Machines                                      ; On                 ; On                 ;
; Ignore Verilog initial constructs                                ; Off                ; Off                ;
; Iteration limit for constant Verilog loops                       ; 5000               ; 5000               ;
; Iteration limit for non-constant Verilog loops                   ; 250                ; 250                ;
; Add Pass-Through Logic to Inferred RAMs                          ; On                 ; On                 ;
; Infer RAMs from Raw Logic                                        ; On                 ; On                 ;
; Parallel Synthesis                                               ; On                 ; On                 ;
; DSP Block Balancing                                              ; Auto               ; Auto               ;
; NOT Gate Push-Back                                               ; On                 ; On                 ;
; Power-Up Don't Care                                              ; On                 ; On                 ;
; Remove Redundant Logic Cells                                     ; Off                ; Off                ;
; Remove Duplicate Registers                                       ; On                 ; On                 ;
; Ignore CARRY Buffers                                             ; Off                ; Off                ;
; Ignore CASCADE Buffers                                           ; Off                ; Off                ;
; Ignore GLOBAL Buffers                                            ; Off                ; Off                ;
; Ignore ROW GLOBAL Buffers                                        ; Off                ; Off                ;
; Ignore LCELL Buffers                                             ; Off                ; Off                ;
; Ignore SOFT Buffers                                              ; On                 ; On                 ;
; Limit AHDL Integers to 32 Bits                                   ; Off                ; Off                ;
; Optimization Technique                                           ; Balanced           ; Balanced           ;
; Carry Chain Length                                               ; 70                 ; 70                 ;
; Auto Carry Chains                                                ; On                 ; On                 ;
; Auto Open-Drain Pins                                             ; On                 ; On                 ;
; Perform WYSIWYG Primitive Resynthesis                            ; Off                ; Off                ;
; Auto ROM Replacement                                             ; On                 ; On                 ;
; Auto RAM Replacement                                             ; On                 ; On                 ;
; Auto DSP Block Replacement                                       ; On                 ; On                 ;
; Auto Shift Register Replacement                                  ; Auto               ; Auto               ;
; Allow Shift Register Merging across Hierarchies                  ; Auto               ; Auto               ;
; Auto Clock Enable Replacement                                    ; On                 ; On                 ;
; Strict RAM Replacement                                           ; Off                ; Off                ;
; Allow Synchronous Control Signals                                ; On                 ; On                 ;
; Force Use of Synchronous Clear Signals                           ; Off                ; Off                ;
; Auto RAM Block Balancing                                         ; On                 ; On                 ;
; Auto RAM to Logic Cell Conversion                                ; Off                ; Off                ;
; Auto Resource Sharing                                            ; Off                ; Off                ;
; Allow Any RAM Size For Recognition                               ; Off                ; Off                ;
; Allow Any ROM Size For Recognition                               ; Off                ; Off                ;
; Allow Any Shift Register Size For Recognition                    ; Off                ; Off                ;
; Use LogicLock Constraints during Resource Balancing              ; On                 ; On                 ;
; Ignore translate_off and synthesis_off directives                ; Off                ; Off                ;
; Timing-Driven Synthesis                                          ; On                 ; On                 ;
; Report Parameter Settings                                        ; On                 ; On                 ;
; Report Source Assignments                                        ; On                 ; On                 ;
; Report Connectivity Checks                                       ; On                 ; On                 ;
; Ignore Maximum Fan-Out Assignments                               ; Off                ; Off                ;
; Synchronization Register Chain Length                            ; 2                  ; 2                  ;
; Power Optimization During Synthesis                              ; Normal compilation ; Normal compilation ;
; HDL message level                                                ; Level2             ; Level2             ;
; Suppress Register Optimization Related Messages                  ; Off                ; Off                ;
; Number of Removed Registers Reported in Synthesis Report         ; 5000               ; 5000               ;
; Number of Swept Nodes Reported in Synthesis Report               ; 5000               ; 5000               ;
; Number of Inverted Registers Reported in Synthesis Report        ; 100                ; 100                ;
; Clock MUX Protection                                             ; On                 ; On                 ;
; Auto Gated Clock Conversion                                      ; Off                ; Off                ;
; Block Design Naming                                              ; Auto               ; Auto               ;
; SDC constraint protection                                        ; Off                ; Off                ;
; Synthesis Effort                                                 ; Auto               ; Auto               ;
; Shift Register Replacement - Allow Asynchronous Clear Signal     ; On                 ; On                 ;
; Pre-Mapping Resynthesis Optimization                             ; Off                ; Off                ;
; Analysis & Synthesis Message Level                               ; Medium             ; Medium             ;
; Disable Register Merging Across Hierarchies                      ; Auto               ; Auto               ;
; Resource Aware Inference For Block RAM                           ; On                 ; On                 ;
+------------------------------------------------------------------+--------------------+--------------------+


+------------------------------------------+
; Parallel Compilation                     ;
+----------------------------+-------------+
; Processors                 ; Number      ;
+----------------------------+-------------+
; Number detected on machine ; 4           ;
; Maximum allowed            ; 2           ;
;                            ;             ;
; Average used               ; 1.00        ;
; Maximum used               ; 1           ;
;                            ;             ;
; Usage by Processor         ; % Time Used ;
;     Processor 1            ; 100.0%      ;
+----------------------------+-------------+


+-----------------------------------------------------------------------------------------------------------------------------------------------------------------------------+
; Analysis & Synthesis Source Files Read                                                                                                                                      ;
+----------------------------------+-----------------+-----------------+--------------------------------------------------------------------------------------------+---------+
; File Name with User-Entered Path ; Used in Netlist ; File Type       ; File Name with Absolute Path                                                               ; Library ;
+----------------------------------+-----------------+-----------------+--------------------------------------------------------------------------------------------+---------+
; Adder11.vhd                      ; yes             ; User VHDL File  ; C:/Users/User/Documents/Kuliah Online/Kuliah Online/Prak SisDig/Floating_adder/Adder11.vhd ;         ;
; Combine.vhd                      ; yes             ; User VHDL File  ; C:/Users/User/Documents/Kuliah Online/Kuliah Online/Prak SisDig/Floating_adder/Combine.vhd ;         ;
; FPAdder.vhd                      ; yes             ; User VHDL File  ; C:/Users/User/Documents/Kuliah Online/Kuliah Online/Prak SisDig/Floating_adder/FPAdder.vhd ;         ;
; ShiftR.vhd                       ; yes             ; User VHDL File  ; C:/Users/User/Documents/Kuliah Online/Kuliah Online/Prak SisDig/Floating_adder/ShiftR.vhd  ;         ;
; SubsE.vhd                        ; yes             ; User VHDL File  ; C:/Users/User/Documents/Kuliah Online/Kuliah Online/Prak SisDig/Floating_adder/SubsE.vhd   ;         ;
; SwapM.vhd                        ; yes             ; User VHDL File  ; C:/Users/User/Documents/Kuliah Online/Kuliah Online/Prak SisDig/Floating_adder/SwapM.vhd   ;         ;
; CompS.vhd                        ; yes             ; User VHDL File  ; C:/Users/User/Documents/Kuliah Online/Kuliah Online/Prak SisDig/Floating_adder/CompS.vhd   ;         ;
; ConvB.vhd                        ; yes             ; User VHDL File  ; C:/Users/User/Documents/Kuliah Online/Kuliah Online/Prak SisDig/Floating_adder/ConvB.vhd   ;         ;
+----------------------------------+-----------------+-----------------+--------------------------------------------------------------------------------------------+---------+


+-------------------------------------------------------+
; Analysis & Synthesis Resource Usage Summary           ;
+---------------------------------------------+---------+
; Resource                                    ; Usage   ;
+---------------------------------------------+---------+
; Estimated Total logic elements              ; 156     ;
;                                             ;         ;
; Total combinational functions               ; 156     ;
; Logic element usage by number of LUT inputs ;         ;
;     -- 4 input functions                    ; 58      ;
;     -- 3 input functions                    ; 82      ;
;     -- <=2 input functions                  ; 16      ;
;                                             ;         ;
; Logic elements by mode                      ;         ;
;     -- normal mode                          ; 117     ;
;     -- arithmetic mode                      ; 39      ;
;                                             ;         ;
; Total registers                             ; 0       ;
;     -- Dedicated logic registers            ; 0       ;
;     -- I/O registers                        ; 0       ;
;                                             ;         ;
; I/O pins                                    ; 49      ;
;                                             ;         ;
; Embedded Multiplier 9-bit elements          ; 0       ;
;                                             ;         ;
; Maximum fan-out node                        ; AlbhB~4 ;
; Maximum fan-out                             ; 27      ;
; Total fan-out                               ; 574     ;
; Average fan-out                             ; 2.26    ;
+---------------------------------------------+---------+


+---------------------------------------------------------------------------------------------------------------------------------------------------------------------------------------------------------------------------+
; Analysis & Synthesis Resource Utilization by Entity                                                                                                                                                                       ;
+-------------------------------+---------------------+---------------------------+-------------+--------------+---------+-----------+------+--------------+-----------------------------------+-------------+--------------+
; Compilation Hierarchy Node    ; Combinational ALUTs ; Dedicated Logic Registers ; Memory Bits ; DSP Elements ; DSP 9x9 ; DSP 18x18 ; Pins ; Virtual Pins ; Full Hierarchy Name               ; Entity Name ; Library Name ;
+-------------------------------+---------------------+---------------------------+-------------+--------------+---------+-----------+------+--------------+-----------------------------------+-------------+--------------+
; |FPadder                      ; 156 (18)            ; 0 (0)                     ; 0           ; 0            ; 0       ; 0         ; 49   ; 0            ; |FPadder                          ; FPadder     ; work         ;
;    |Adder11:Komponen_Adder11| ; 23 (23)             ; 0 (0)                     ; 0           ; 0            ; 0       ; 0         ; 0    ; 0            ; |FPadder|Adder11:Komponen_Adder11 ; Adder11     ; work         ;
;    |Combine:Komponen_combine| ; 21 (21)             ; 0 (0)                     ; 0           ; 0            ; 0       ; 0         ; 0    ; 0            ; |FPadder|Combine:Komponen_combine ; Combine     ; work         ;
;    |CompS:Komponen_CompS|     ; 2 (2)               ; 0 (0)                     ; 0           ; 0            ; 0       ; 0         ; 0    ; 0            ; |FPadder|CompS:Komponen_CompS     ; CompS       ; work         ;
;    |ConvB:komponen_ConvB|     ; 1 (1)               ; 0 (0)                     ; 0           ; 0            ; 0       ; 0         ; 0    ; 0            ; |FPadder|ConvB:komponen_ConvB     ; ConvB       ; work         ;
;    |ShiftR:Komponen_ShiftR|   ; 71 (71)             ; 0 (0)                     ; 0           ; 0            ; 0       ; 0         ; 0    ; 0            ; |FPadder|ShiftR:Komponen_ShiftR   ; ShiftR      ; work         ;
;    |SubsE:Komponen_Subse|     ; 20 (20)             ; 0 (0)                     ; 0           ; 0            ; 0       ; 0         ; 0    ; 0            ; |FPadder|SubsE:Komponen_Subse     ; SubsE       ; work         ;
+-------------------------------+---------------------+---------------------------+-------------+--------------+---------+-----------+------+--------------+-----------------------------------+-------------+--------------+
Note: For table entries with two numbers listed, the numbers in parentheses indicate the number of resources of the given type used by the specific entity alone. The numbers listed outside of parentheses indicate the total resources of the given type used by the specific entity and all of its sub-entities in the hierarchy.


+------------------------------------------------------+
; General Register Statistics                          ;
+----------------------------------------------+-------+
; Statistic                                    ; Value ;
+----------------------------------------------+-------+
; Total registers                              ; 0     ;
; Number of registers using Synchronous Clear  ; 0     ;
; Number of registers using Synchronous Load   ; 0     ;
; Number of registers using Asynchronous Clear ; 0     ;
; Number of registers using Asynchronous Load  ; 0     ;
; Number of registers using Clock Enable       ; 0     ;
; Number of registers using Preset             ; 0     ;
+----------------------------------------------+-------+


+------------------------------------------------------------------------------------------------------------------------------------------------------+
; Multiplexer Restructuring Statistics (Restructuring Performed)                                                                                       ;
+--------------------+-----------+---------------+----------------------+------------------------+------------+----------------------------------------+
; Multiplexer Inputs ; Bus Width ; Baseline Area ; Area if Restructured ; Saving if Restructured ; Registered ; Example Multiplexer Output             ;
+--------------------+-----------+---------------+----------------------+------------------------+------------+----------------------------------------+
; 3:1                ; 3 bits    ; 6 LEs         ; 6 LEs                ; 0 LEs                  ; No         ; |FPadder|ShiftR:Komponen_ShiftR|Mux1   ;
; 4:1                ; 10 bits   ; 20 LEs        ; 20 LEs               ; 0 LEs                  ; No         ; |FPadder|Adder11:Komponen_Adder11|Add0 ;
; 4:1                ; 4 bits    ; 8 LEs         ; 8 LEs                ; 0 LEs                  ; No         ; |FPadder|ShiftR:Komponen_ShiftR|Mux1   ;
; 5:1                ; 2 bits    ; 6 LEs         ; 6 LEs                ; 0 LEs                  ; No         ; |FPadder|ShiftR:Komponen_ShiftR|Mux1   ;
+--------------------+-----------+---------------+----------------------+------------------------+------------+----------------------------------------+


+------------------------------------------------------+
; Port Connectivity Checks: "Adder11:Komponen_Adder11" ;
+------------+-------+----------+----------------------+
; Port       ; Type  ; Severity ; Details              ;
+------------+-------+----------+----------------------+
; inmdua[10] ; Input ; Info     ; Stuck at VCC         ;
+------------+-------+----------+----------------------+


+----------------------------------------------------+
; Port Connectivity Checks: "ShiftR:Komponen_ShiftR" ;
+---------+-------+----------+-----------------------+
; Port    ; Type  ; Severity ; Details               ;
+---------+-------+----------+-----------------------+
; inm[10] ; Input ; Info     ; Stuck at VCC          ;
+---------+-------+----------+-----------------------+


+-----------------------------------------------------+
; Post-Synthesis Netlist Statistics for Top Partition ;
+-----------------------+-----------------------------+
; Type                  ; Count                       ;
+-----------------------+-----------------------------+
; boundary_port         ; 49                          ;
; cycloneiii_lcell_comb ; 156                         ;
;     arith             ; 39                          ;
;         2 data inputs ; 3                           ;
;         3 data inputs ; 36                          ;
;     normal            ; 117                         ;
;         1 data inputs ; 1                           ;
;         2 data inputs ; 12                          ;
;         3 data inputs ; 46                          ;
;         4 data inputs ; 58                          ;
;                       ;                             ;
; Max LUT depth         ; 17.70                       ;
; Average LUT depth     ; 15.49                       ;
+-----------------------+-----------------------------+


+-------------------------------+
; Elapsed Time Per Partition    ;
+----------------+--------------+
; Partition Name ; Elapsed Time ;
+----------------+--------------+
; Top            ; 00:00:01     ;
+----------------+--------------+


+-------------------------------+
; Analysis & Synthesis Messages ;
+-------------------------------+
Info: *******************************************************************
Info: Running Quartus Prime Analysis & Synthesis
    Info: Version 20.1.0 Build 711 06/05/2020 SJ Lite Edition
    Info: Processing started: Thu Nov 12 22:50:35 2020
Info: Command: quartus_map --read_settings_files=on --write_settings_files=off floating_adder -c floating_adder
Warning (18236): Number of processors has not been specified which may cause overloading on shared machines.  Set the global assignment NUM_PARALLEL_PROCESSORS in your QSF to an appropriate value for best performance.
Info (20030): Parallel compilation is enabled and will use 2 of the 2 processors detected
Info (12021): Found 2 design units, including 1 entities, in source file adder11.vhd
    Info (12022): Found design unit 1: Adder11-RTL File: C:/Users/User/Documents/Kuliah Online/Kuliah Online/Prak SisDig/Floating_adder/Adder11.vhd Line: 19
    Info (12023): Found entity 1: Adder11 File: C:/Users/User/Documents/Kuliah Online/Kuliah Online/Prak SisDig/Floating_adder/Adder11.vhd Line: 5
Info (12021): Found 2 design units, including 1 entities, in source file combine.vhd
    Info (12022): Found design unit 1: Combine-RTL File: C:/Users/User/Documents/Kuliah Online/Kuliah Online/Prak SisDig/Floating_adder/Combine.vhd Line: 20
    Info (12023): Found entity 1: Combine File: C:/Users/User/Documents/Kuliah Online/Kuliah Online/Prak SisDig/Floating_adder/Combine.vhd Line: 5
Info (12021): Found 2 design units, including 1 entities, in source file fpadder.vhd
    Info (12022): Found design unit 1: FPadder-structural File: C:/Users/User/Documents/Kuliah Online/Kuliah Online/Prak SisDig/Floating_adder/FPAdder.vhd Line: 17
    Info (12023): Found entity 1: FPadder File: C:/Users/User/Documents/Kuliah Online/Kuliah Online/Prak SisDig/Floating_adder/FPAdder.vhd Line: 6
Info (12021): Found 2 design units, including 1 entities, in source file shiftr.vhd
    Info (12022): Found design unit 1: ShiftR-RTL File: C:/Users/User/Documents/Kuliah Online/Kuliah Online/Prak SisDig/Floating_adder/ShiftR.vhd Line: 17
    Info (12023): Found entity 1: ShiftR File: C:/Users/User/Documents/Kuliah Online/Kuliah Online/Prak SisDig/Floating_adder/ShiftR.vhd Line: 5
Info (12021): Found 2 design units, including 1 entities, in source file subse.vhd
    Info (12022): Found design unit 1: SubsE-RTL File: C:/Users/User/Documents/Kuliah Online/Kuliah Online/Prak SisDig/Floating_adder/SubsE.vhd Line: 19
    Info (12023): Found entity 1: SubsE File: C:/Users/User/Documents/Kuliah Online/Kuliah Online/Prak SisDig/Floating_adder/SubsE.vhd Line: 5
Info (12021): Found 2 design units, including 1 entities, in source file swapm.vhd
    Info (12022): Found design unit 1: SwapM-RTL File: C:/Users/User/Documents/Kuliah Online/Kuliah Online/Prak SisDig/Floating_adder/SwapM.vhd Line: 20
    Info (12023): Found entity 1: SwapM File: C:/Users/User/Documents/Kuliah Online/Kuliah Online/Prak SisDig/Floating_adder/SwapM.vhd Line: 5
Warning (12019): Can't analyze file -- file CompE.vhd is missing
Info (12021): Found 2 design units, including 1 entities, in source file comps.vhd
    Info (12022): Found design unit 1: CompS-RTL File: C:/Users/User/Documents/Kuliah Online/Kuliah Online/Prak SisDig/Floating_adder/CompS.vhd Line: 19
    Info (12023): Found entity 1: CompS File: C:/Users/User/Documents/Kuliah Online/Kuliah Online/Prak SisDig/Floating_adder/CompS.vhd Line: 5
Info (12021): Found 2 design units, including 1 entities, in source file convb.vhd
    Info (12022): Found design unit 1: ConvB-RTL File: C:/Users/User/Documents/Kuliah Online/Kuliah Online/Prak SisDig/Floating_adder/ConvB.vhd Line: 17
    Info (12023): Found entity 1: ConvB File: C:/Users/User/Documents/Kuliah Online/Kuliah Online/Prak SisDig/Floating_adder/ConvB.vhd Line: 5
Info (12127): Elaborating entity "FPAdder" for the top level hierarchy
Info (12128): Elaborating entity "ConvB" for hierarchy "ConvB:komponen_ConvB" File: C:/Users/User/Documents/Kuliah Online/Kuliah Online/Prak SisDig/Floating_adder/FPAdder.vhd Line: 133
Info (12128): Elaborating entity "CompS" for hierarchy "CompS:Komponen_CompS" File: C:/Users/User/Documents/Kuliah Online/Kuliah Online/Prak SisDig/Floating_adder/FPAdder.vhd Line: 145
Info (12128): Elaborating entity "SwapM" for hierarchy "SwapM:Komponen_SwapM" File: C:/Users/User/Documents/Kuliah Online/Kuliah Online/Prak SisDig/Floating_adder/FPAdder.vhd Line: 159
Info (12128): Elaborating entity "SubsE" for hierarchy "SubsE:Komponen_Subse" File: C:/Users/User/Documents/Kuliah Online/Kuliah Online/Prak SisDig/Floating_adder/FPAdder.vhd Line: 177
Info (12128): Elaborating entity "ShiftR" for hierarchy "ShiftR:Komponen_ShiftR" File: C:/Users/User/Documents/Kuliah Online/Kuliah Online/Prak SisDig/Floating_adder/FPAdder.vhd Line: 192
Warning (10620): VHDL warning at ShiftR.vhd(44): comparison between unequal length operands always returns TRUE File: C:/Users/User/Documents/Kuliah Online/Kuliah Online/Prak SisDig/Floating_adder/ShiftR.vhd Line: 44
Info (12128): Elaborating entity "Adder11" for hierarchy "Adder11:Komponen_Adder11" File: C:/Users/User/Documents/Kuliah Online/Kuliah Online/Prak SisDig/Floating_adder/FPAdder.vhd Line: 204
Info (12128): Elaborating entity "Combine" for hierarchy "Combine:Komponen_combine" File: C:/Users/User/Documents/Kuliah Online/Kuliah Online/Prak SisDig/Floating_adder/FPAdder.vhd Line: 216
Info (286030): Timing-Driven Synthesis is running
Info (16010): Generating hard_block partition "hard_block:auto_generated_inst"
    Info (16011): Adding 0 node(s), including 0 DDIO, 0 PLL, 0 transceiver and 0 LCELL
Info (21057): Implemented 205 device resources after synthesis - the final resource count might be different
    Info (21058): Implemented 33 input pins
    Info (21059): Implemented 16 output pins
    Info (21061): Implemented 156 logic cells
Info: Quartus Prime Analysis & Synthesis was successful. 0 errors, 3 warnings
    Info: Peak virtual memory: 4775 megabytes
    Info: Processing ended: Thu Nov 12 22:50:58 2020
    Info: Elapsed time: 00:00:23
    Info: Total CPU time (on all processors): 00:00:44


